2024-11-01T15:48:04.732+08:00  INFO 30280 --- [main] c.a.b.n.c.u.NacosConfigPropertiesUtils   : nacosConfigProperties : NacosConfigProperties{serverAddr='127.0.0.1:8848', contextPath='null', encode='null', endpoint='null', namespace='null', accessKey='null', secretKey='null', ramRoleName='null', autoRefresh=false, dataId='null', dataIds='null', group='DEFAULT_GROUP', type=PROPERTIES, maxRetry='null', configLongPollTimeout='null', configRetryTime='null', enableRemoteSyncConfig=false, extConfig=[], bootstrap=Bootstrap{enable=false, logEnable=false}}
2024-11-01T15:48:04.733+08:00  WARN 30280 --- [main] c.a.nacos.client.logging.NacosLogging    : Load Logback Configuration of Nacos fail, message: org/slf4j/impl/StaticLoggerBinder
2024-11-01T15:48:04.745+08:00  WARN 30280 --- [main] c.a.nacos.client.logging.NacosLogging    : Load Logback Configuration of Nacos fail, message: org/slf4j/impl/StaticLoggerBinder
2024-11-01T15:48:04.754+08:00  INFO 30280 --- [main] c.a.n.c.c.impl.LocalConfigInfoProcessor  : LOCAL_SNAPSHOT_PATH:C:\Users\14113\nacos\config
2024-11-01T15:48:04.757+08:00  INFO 30280 --- [main] com.alibaba.nacos.common.remote.client   : [RpcClientFactory] create a new rpc client of 57a8f46b-cac2-43b0-a2b5-302406534773_config-0
2024-11-01T15:48:04.766+08:00  INFO 30280 --- [main] com.alibaba.nacos.common.remote.client   : [57a8f46b-cac2-43b0-a2b5-302406534773_config-0] Register server push request handler:com.alibaba.nacos.client.config.impl.ClientWorker$ConfigRpcTransportClient$$Lambda$505/0x0000000801322f40
2024-11-01T15:48:04.767+08:00  INFO 30280 --- [main] com.alibaba.nacos.common.remote.client   : [57a8f46b-cac2-43b0-a2b5-302406534773_config-0] Register server push request handler:com.alibaba.nacos.client.config.impl.ClientWorker$ConfigRpcTransportClient$$Lambda$506/0x0000000801323340
2024-11-01T15:48:04.767+08:00  INFO 30280 --- [main] com.alibaba.nacos.common.remote.client   : [57a8f46b-cac2-43b0-a2b5-302406534773_config-0] Registry connection listener to current client:com.alibaba.nacos.client.config.impl.ClientWorker$ConfigRpcTransportClient$1
2024-11-01T15:48:04.767+08:00  INFO 30280 --- [main] com.alibaba.nacos.common.remote.client   : [57a8f46b-cac2-43b0-a2b5-302406534773_config-0] RpcClient init, ServerListFactory = com.alibaba.nacos.client.config.impl.ClientWorker$ConfigRpcTransportClient$2
2024-11-01T15:48:04.771+08:00  INFO 30280 --- [main] com.alibaba.nacos.common.remote.client   : [57a8f46b-cac2-43b0-a2b5-302406534773_config-0] Try to connect to server on start up, server: {serverIp = '1.95.6.188', server main port = 8848}
2024-11-01T15:48:05.845+08:00  INFO 30280 --- [main] com.alibaba.nacos.common.remote.client   : [57a8f46b-cac2-43b0-a2b5-302406534773_config-0] Success to connect to server [1.95.6.188:8848] on start up, connectionId = 1730447285253_127.0.0.1_56207
2024-11-01T15:48:05.845+08:00  INFO 30280 --- [com.alibaba.nacos.client.remote.worker] com.alibaba.nacos.common.remote.client   : [57a8f46b-cac2-43b0-a2b5-302406534773_config-0] Notify connected event to listeners.
2024-11-01T15:48:05.846+08:00  INFO 30280 --- [main] com.alibaba.nacos.common.remote.client   : [57a8f46b-cac2-43b0-a2b5-302406534773_config-0] Register server push request handler:com.alibaba.nacos.common.remote.client.RpcClient$ConnectResetRequestHandler
2024-11-01T15:48:05.846+08:00  INFO 30280 --- [com.alibaba.nacos.client.remote.worker] c.a.n.client.config.impl.ClientWorker    : [57a8f46b-cac2-43b0-a2b5-302406534773_config-0] Connected,notify listen context...
2024-11-01T15:48:05.846+08:00  INFO 30280 --- [main] com.alibaba.nacos.common.remote.client   : [57a8f46b-cac2-43b0-a2b5-302406534773_config-0] Register server push request handler:com.alibaba.nacos.common.remote.client.RpcClient$$Lambda$525/0x0000000801496018
2024-11-01T15:48:05.864+08:00  INFO 30280 --- [main] c.a.nacos.client.config.impl.Limiter     : limitTime:5.0
2024-11-01T15:48:06.151+08:00  WARN 30280 --- [main] c.a.c.n.c.NacosPropertySourceBuilder     : Ignore the empty nacos configuration and get it based on dataId[gateway-item] & group[DEFAULT_GROUP]
2024-11-01T15:48:06.302+08:00  INFO 30280 --- [main] c.a.nacos.client.config.utils.JvmUtil    : isMultiInstance:false
2024-11-01T15:48:06.303+08:00 DEBUG 30280 --- [main] c.a.c.n.c.NacosPropertySourceBuilder     : Loading nacos data, dataId: 'gateway-item.yaml', group: 'DEFAULT_GROUP', data: spring:
  cloud:
    gateway:
      routes:
        - id: user-manager
          uri: lb://user-manager
          predicates:
            - Path=/api/user/**
          filters:
            - RewritePath=/api/user/(?<remaining>.*), /${remaining}
            - name: Retry
          args:
            retries: 1
            series: SERVER_ERROR
        - id: running-manager
          uri: lb://running-manager
          predicates:
            - Path=/api/running/**
          filters:
            - RewritePath=/api/running/(?<remaining>.*), /${remaining}
            - name: Retry
          args:
            retries: 1
            series: SERVER_ERROR
2024-11-01T15:48:06.308+08:00  INFO 30280 --- [main] b.c.PropertySourceBootstrapConfiguration : Located property source: [BootstrapPropertySource {name='bootstrapProperties-gateway-item.yaml,DEFAULT_GROUP'}, BootstrapPropertySource {name='bootstrapProperties-gateway-item,DEFAULT_GROUP'}]
2024-11-01T15:48:06.321+08:00  INFO 30280 --- [main] c.a.b.n.c.u.NacosConfigPropertiesUtils   : nacosConfigProperties : NacosConfigProperties{serverAddr='127.0.0.1:8848', contextPath='null', encode='null', endpoint='null', namespace='null', accessKey='null', secretKey='null', ramRoleName='null', autoRefresh=false, dataId='null', dataIds='null', group='DEFAULT_GROUP', type=PROPERTIES, maxRetry='null', configLongPollTimeout='null', configRetryTime='null', enableRemoteSyncConfig=false, extConfig=[], bootstrap=Bootstrap{enable=false, logEnable=false}}
2024-11-01T15:48:06.321+08:00  INFO 30280 --- [main] NacosConfigApplicationContextInitializer : [Nacos Config Boot] : The preload configuration is not enabled
2024-11-01T15:48:06.322+08:00  INFO 30280 --- [main] o.e.getwayitem.GetwayItemApplication     : No active profile set, falling back to 1 default profile: "default"
2024-11-01T15:48:06.679+08:00  INFO 30280 --- [main] o.s.cloud.context.scope.GenericScope     : BeanFactory id=001891f3-69d1-324d-84f5-7fdc333f057b
2024-11-01T15:48:06.702+08:00  INFO 30280 --- [main] trationDelegate$BeanPostProcessorChecker : Bean 'org.springframework.cloud.client.loadbalancer.reactive.LoadBalancerBeanPostProcessorAutoConfiguration' of type [org.springframework.cloud.client.loadbalancer.reactive.LoadBalancerBeanPostProcessorAutoConfiguration] is not eligible for getting processed by all BeanPostProcessors (for example: not eligible for auto-proxying)
2024-11-01T15:48:06.702+08:00  INFO 30280 --- [main] trationDelegate$BeanPostProcessorChecker : Bean 'org.springframework.cloud.client.loadbalancer.reactive.LoadBalancerBeanPostProcessorAutoConfiguration$ReactorDeferringLoadBalancerFilterConfig' of type [org.springframework.cloud.client.loadbalancer.reactive.LoadBalancerBeanPostProcessorAutoConfiguration$ReactorDeferringLoadBalancerFilterConfig] is not eligible for getting processed by all BeanPostProcessors (for example: not eligible for auto-proxying)
2024-11-01T15:48:06.704+08:00  INFO 30280 --- [main] trationDelegate$BeanPostProcessorChecker : Bean 'reactorDeferringLoadBalancerExchangeFilterFunction' of type [org.springframework.cloud.client.loadbalancer.reactive.DeferringLoadBalancerExchangeFilterFunction] is not eligible for getting processed by all BeanPostProcessors (for example: not eligible for auto-proxying)
2024-11-01T15:48:07.378+08:00  INFO 30280 --- [main] o.s.c.g.r.RouteDefinitionRouteLocator    : Loaded RoutePredicateFactory [After]
2024-11-01T15:48:07.378+08:00  INFO 30280 --- [main] o.s.c.g.r.RouteDefinitionRouteLocator    : Loaded RoutePredicateFactory [Before]
2024-11-01T15:48:07.378+08:00  INFO 30280 --- [main] o.s.c.g.r.RouteDefinitionRouteLocator    : Loaded RoutePredicateFactory [Between]
2024-11-01T15:48:07.378+08:00  INFO 30280 --- [main] o.s.c.g.r.RouteDefinitionRouteLocator    : Loaded RoutePredicateFactory [Cookie]
2024-11-01T15:48:07.378+08:00  INFO 30280 --- [main] o.s.c.g.r.RouteDefinitionRouteLocator    : Loaded RoutePredicateFactory [Header]
2024-11-01T15:48:07.378+08:00  INFO 30280 --- [main] o.s.c.g.r.RouteDefinitionRouteLocator    : Loaded RoutePredicateFactory [Host]
2024-11-01T15:48:07.378+08:00  INFO 30280 --- [main] o.s.c.g.r.RouteDefinitionRouteLocator    : Loaded RoutePredicateFactory [Method]
2024-11-01T15:48:07.378+08:00  INFO 30280 --- [main] o.s.c.g.r.RouteDefinitionRouteLocator    : Loaded RoutePredicateFactory [Path]
2024-11-01T15:48:07.378+08:00  INFO 30280 --- [main] o.s.c.g.r.RouteDefinitionRouteLocator    : Loaded RoutePredicateFactory [Query]
2024-11-01T15:48:07.378+08:00  INFO 30280 --- [main] o.s.c.g.r.RouteDefinitionRouteLocator    : Loaded RoutePredicateFactory [ReadBody]
2024-11-01T15:48:07.378+08:00  INFO 30280 --- [main] o.s.c.g.r.RouteDefinitionRouteLocator    : Loaded RoutePredicateFactory [RemoteAddr]
2024-11-01T15:48:07.378+08:00  INFO 30280 --- [main] o.s.c.g.r.RouteDefinitionRouteLocator    : Loaded RoutePredicateFactory [XForwardedRemoteAddr]
2024-11-01T15:48:07.378+08:00  INFO 30280 --- [main] o.s.c.g.r.RouteDefinitionRouteLocator    : Loaded RoutePredicateFactory [Weight]
2024-11-01T15:48:07.378+08:00  INFO 30280 --- [main] o.s.c.g.r.RouteDefinitionRouteLocator    : Loaded RoutePredicateFactory [CloudFoundryRouteService]
2024-11-01T15:48:07.631+08:00  WARN 30280 --- [main] iguration$LoadBalancerCaffeineWarnLogger : Spring Cloud LoadBalancer is currently working with the default cache. While this cache implementation is useful for development and tests, it's recommended to use Caffeine cache in production.You can switch to using Caffeine cache, by adding it and org.springframework.cache.caffeine.CaffeineCacheManager to the classpath.
2024-11-01T15:48:07.780+08:00  INFO 30280 --- [main] o.s.b.web.embedded.netty.NettyWebServer  : Netty started on port 8080
2024-11-01T15:48:08.024+08:00  INFO 30280 --- [main] c.a.n.client.env.SearchableProperties    : properties search order:PROPERTIES->JVM->ENV->DEFAULT_SETTING
2024-11-01T15:48:08.025+08:00  INFO 30280 --- [main] com.alibaba.nacos.client.naming          : initializer namespace from System Property : null
2024-11-01T15:48:08.025+08:00  INFO 30280 --- [main] com.alibaba.nacos.client.naming          : initializer namespace from System Environment :null
2024-11-01T15:48:08.025+08:00  INFO 30280 --- [main] com.alibaba.nacos.client.naming          : initializer namespace from System Property :
2024-11-01T15:48:08.031+08:00  INFO 30280 --- [main] c.a.n.p.a.s.c.ClientAuthPluginManager    : [ClientAuthPluginManager] Load ClientAuthService com.alibaba.nacos.client.auth.impl.NacosClientAuthServiceImpl success.
2024-11-01T15:48:08.031+08:00  INFO 30280 --- [main] c.a.n.p.a.s.c.ClientAuthPluginManager    : [ClientAuthPluginManager] Load ClientAuthService com.alibaba.nacos.client.auth.ram.RamClientAuthServiceImpl success.
2024-11-01T15:48:08.033+08:00  INFO 30280 --- [main] com.alibaba.nacos.common.remote.client   : [RpcClientFactory] create a new rpc client of e2456070-1b87-44d5-bef7-e45fddd5223b
2024-11-01T15:48:08.034+08:00  INFO 30280 --- [main] com.alibaba.nacos.common.remote.client   : [e2456070-1b87-44d5-bef7-e45fddd5223b] RpcClient init, ServerListFactory = com.alibaba.nacos.client.naming.core.ServerListManager
2024-11-01T15:48:08.035+08:00  INFO 30280 --- [main] com.alibaba.nacos.common.remote.client   : [e2456070-1b87-44d5-bef7-e45fddd5223b] Registry connection listener to current client:com.alibaba.nacos.client.naming.remote.gprc.redo.NamingGrpcRedoService
2024-11-01T15:48:08.035+08:00  INFO 30280 --- [main] com.alibaba.nacos.common.remote.client   : [e2456070-1b87-44d5-bef7-e45fddd5223b] Register server push request handler:com.alibaba.nacos.client.naming.remote.gprc.NamingPushRequestHandler
2024-11-01T15:48:08.035+08:00  INFO 30280 --- [main] com.alibaba.nacos.common.remote.client   : [e2456070-1b87-44d5-bef7-e45fddd5223b] Try to connect to server on start up, server: {serverIp = '1.95.6.188', server main port = 8848}
2024-11-01T15:48:08.372+08:00  INFO 30280 --- [main] com.alibaba.nacos.common.remote.client   : [e2456070-1b87-44d5-bef7-e45fddd5223b] Success to connect to server [1.95.6.188:8848] on start up, connectionId = 1730447287938_127.0.0.1_56210
2024-11-01T15:48:08.372+08:00  INFO 30280 --- [main] com.alibaba.nacos.common.remote.client   : [e2456070-1b87-44d5-bef7-e45fddd5223b] Register server push request handler:com.alibaba.nacos.common.remote.client.RpcClient$ConnectResetRequestHandler
2024-11-01T15:48:08.372+08:00  INFO 30280 --- [com.alibaba.nacos.client.remote.worker] com.alibaba.nacos.common.remote.client   : [e2456070-1b87-44d5-bef7-e45fddd5223b] Notify connected event to listeners.
2024-11-01T15:48:08.372+08:00  INFO 30280 --- [main] com.alibaba.nacos.common.remote.client   : [e2456070-1b87-44d5-bef7-e45fddd5223b] Register server push request handler:com.alibaba.nacos.common.remote.client.RpcClient$$Lambda$525/0x0000000801496018
2024-11-01T15:48:08.372+08:00  INFO 30280 --- [com.alibaba.nacos.client.remote.worker] com.alibaba.nacos.client.naming          : Grpc connection connect
2024-11-01T15:48:08.374+08:00  INFO 30280 --- [main] com.alibaba.nacos.client.naming          : [REGISTER-SERVICE] public registering service gateway-item with instance Instance{instanceId='null', ip='169.254.89.238', port=8080, weight=1.0, healthy=true, enabled=true, ephemeral=true, clusterName='DEFAULT', serviceName='null', metadata={preserved.register.source=SPRING_CLOUD}}
2024-11-01T15:48:08.485+08:00  INFO 30280 --- [main] c.a.c.n.registry.NacosServiceRegistry    : nacos registry, DEFAULT_GROUP gateway-item 169.254.89.238:8080 register finished
2024-11-01T15:48:08.542+08:00  INFO 30280 --- [main] o.e.getwayitem.GetwayItemApplication     : Started GetwayItemApplication in 4.63 seconds (process running for 5.172)
2024-11-01T15:48:08.545+08:00  INFO 30280 --- [main] c.a.nacos.client.config.impl.CacheData   : nacos.cache.data.init.snapshot = true 
2024-11-01T15:48:08.545+08:00  INFO 30280 --- [main] c.a.n.client.config.impl.ClientWorker    : [fixed-1.95.6.188_8848] [subscribe] gateway-item+DEFAULT_GROUP
2024-11-01T15:48:08.549+08:00  INFO 30280 --- [main] c.a.nacos.client.config.impl.CacheData   : [fixed-1.95.6.188_8848] [add-listener] ok, tenant=, dataId=gateway-item, group=DEFAULT_GROUP, cnt=1
2024-11-01T15:48:08.549+08:00  INFO 30280 --- [main] c.a.c.n.refresh.NacosContextRefresher    : [Nacos Config] Listening config: dataId=gateway-item, group=DEFAULT_GROUP
2024-11-01T15:48:08.550+08:00  INFO 30280 --- [main] c.a.n.client.config.impl.ClientWorker    : [fixed-1.95.6.188_8848] [subscribe] gateway-item.yaml+DEFAULT_GROUP
2024-11-01T15:48:08.550+08:00  INFO 30280 --- [main] c.a.nacos.client.config.impl.CacheData   : [fixed-1.95.6.188_8848] [add-listener] ok, tenant=, dataId=gateway-item.yaml, group=DEFAULT_GROUP, cnt=1
2024-11-01T15:48:08.550+08:00  INFO 30280 --- [main] c.a.c.n.refresh.NacosContextRefresher    : [Nacos Config] Listening config: dataId=gateway-item.yaml, group=DEFAULT_GROUP
2024-11-01T16:50:49.505+08:00  WARN 30280 --- [Thread-1] c.a.n.common.http.HttpClientBeanHolder   : [HttpClientBeanHolder] Start destroying common HttpClient
2024-11-01T16:50:49.505+08:00  WARN 30280 --- [Thread-7] c.a.nacos.common.notify.NotifyCenter     : [NotifyCenter] Start destroying Publisher
2024-11-01T16:50:49.511+08:00  WARN 30280 --- [Thread-7] c.a.nacos.common.notify.NotifyCenter     : [NotifyCenter] Destruction of the end
2024-11-01T16:50:49.514+08:00  WARN 30280 --- [Thread-1] c.a.n.common.http.HttpClientBeanHolder   : [HttpClientBeanHolder] Destruction of the end
2024-11-01T16:50:49.559+08:00  INFO 30280 --- [SpringApplicationShutdownHook] c.a.c.n.registry.NacosServiceRegistry    : De-registering from Nacos Server now...
2024-11-01T16:50:49.560+08:00  INFO 30280 --- [SpringApplicationShutdownHook] com.alibaba.nacos.client.naming          : [DEREGISTER-SERVICE] public deregistering service gateway-item with instance: Instance{instanceId='null', ip='169.254.89.238', port=8080, weight=1.0, healthy=true, enabled=true, ephemeral=true, clusterName='DEFAULT', serviceName='null', metadata={}}
2024-11-01T16:50:49.674+08:00  INFO 30280 --- [SpringApplicationShutdownHook] c.a.c.n.registry.NacosServiceRegistry    : De-registration finished.
2024-11-01T16:50:49.675+08:00  INFO 30280 --- [SpringApplicationShutdownHook] com.alibaba.nacos.client.naming          : com.alibaba.nacos.client.naming.cache.ServiceInfoHolder do shutdown begin
2024-11-01T16:50:49.675+08:00  INFO 30280 --- [SpringApplicationShutdownHook] com.alibaba.nacos.client.naming          : com.alibaba.nacos.client.naming.backups.FailoverReactor do shutdown begin
2024-11-01T16:50:49.675+08:00  INFO 30280 --- [SpringApplicationShutdownHook] com.alibaba.nacos.client.naming          : com.alibaba.nacos.client.naming.backups.FailoverReactor do shutdown stop
2024-11-01T16:50:49.675+08:00  INFO 30280 --- [SpringApplicationShutdownHook] com.alibaba.nacos.client.naming          : com.alibaba.nacos.client.naming.cache.ServiceInfoHolder do shutdown stop
2024-11-01T16:50:49.675+08:00  INFO 30280 --- [SpringApplicationShutdownHook] com.alibaba.nacos.client.naming          : com.alibaba.nacos.client.naming.remote.NamingClientProxyDelegate do shutdown begin
2024-11-01T16:50:49.675+08:00  INFO 30280 --- [SpringApplicationShutdownHook] com.alibaba.nacos.client.naming          : com.alibaba.nacos.client.naming.core.ServiceInfoUpdateService do shutdown begin
2024-11-01T16:50:49.675+08:00  INFO 30280 --- [SpringApplicationShutdownHook] com.alibaba.nacos.client.naming          : com.alibaba.nacos.client.naming.core.ServiceInfoUpdateService do shutdown stop
2024-11-01T16:50:49.675+08:00  INFO 30280 --- [SpringApplicationShutdownHook] com.alibaba.nacos.client.naming          : com.alibaba.nacos.client.naming.core.ServerListManager do shutdown begin
2024-11-01T16:50:49.675+08:00  WARN 30280 --- [SpringApplicationShutdownHook] com.alibaba.nacos.client.naming          : [NamingHttpClientManager] Start destroying NacosRestTemplate
2024-11-01T16:50:49.676+08:00  WARN 30280 --- [SpringApplicationShutdownHook] com.alibaba.nacos.client.naming          : [NamingHttpClientManager] Destruction of the end
2024-11-01T16:50:49.676+08:00  INFO 30280 --- [SpringApplicationShutdownHook] com.alibaba.nacos.client.naming          : com.alibaba.nacos.client.naming.core.ServerListManager do shutdown stop
2024-11-01T16:50:49.676+08:00  INFO 30280 --- [SpringApplicationShutdownHook] com.alibaba.nacos.client.naming          : com.alibaba.nacos.client.naming.remote.http.NamingHttpClientProxy do shutdown begin
2024-11-01T16:50:49.676+08:00  WARN 30280 --- [SpringApplicationShutdownHook] com.alibaba.nacos.client.naming          : [NamingHttpClientManager] Start destroying NacosRestTemplate
2024-11-01T16:50:49.676+08:00  WARN 30280 --- [SpringApplicationShutdownHook] com.alibaba.nacos.client.naming          : [NamingHttpClientManager] Destruction of the end
2024-11-01T16:50:49.676+08:00  INFO 30280 --- [SpringApplicationShutdownHook] com.alibaba.nacos.client.naming          : com.alibaba.nacos.client.naming.remote.http.NamingHttpClientProxy do shutdown stop
2024-11-01T16:50:49.676+08:00  INFO 30280 --- [SpringApplicationShutdownHook] com.alibaba.nacos.common.remote.client   : Shutdown rpc client, set status to shutdown
2024-11-01T16:50:49.676+08:00  INFO 30280 --- [SpringApplicationShutdownHook] com.alibaba.nacos.common.remote.client   : Shutdown client event executor java.util.concurrent.ScheduledThreadPoolExecutor@5d32c1c7[Running, pool size = 2, active threads = 2, queued tasks = 0, completed tasks = 0]
2024-11-01T16:50:49.676+08:00  INFO 30280 --- [SpringApplicationShutdownHook] com.alibaba.nacos.common.remote.client   : Close current connection 1730447287938_127.0.0.1_56210
2024-11-01T16:50:49.684+08:00  INFO 30280 --- [SpringApplicationShutdownHook] c.a.n.c.remote.client.grpc.GrpcClient    : Shutdown grpc executor java.util.concurrent.ThreadPoolExecutor@6ec3a4c2[Running, pool size = 2, active threads = 0, queued tasks = 0, completed tasks = 758]
2024-11-01T16:50:49.684+08:00  INFO 30280 --- [SpringApplicationShutdownHook] com.alibaba.nacos.client.naming          : Shutdown grpc redo service executor java.util.concurrent.ScheduledThreadPoolExecutor@76dc36e5[Running, pool size = 1, active threads = 0, queued tasks = 1, completed tasks = 1250]
2024-11-01T16:50:49.685+08:00  INFO 30280 --- [SpringApplicationShutdownHook] c.a.n.c.a.r.identify.CredentialWatcher   : [null] CredentialWatcher is stopped
2024-11-01T16:50:49.685+08:00  INFO 30280 --- [SpringApplicationShutdownHook] c.a.n.c.a.r.identify.CredentialService   : [null] CredentialService is freed
2024-11-01T16:50:49.685+08:00  INFO 30280 --- [SpringApplicationShutdownHook] com.alibaba.nacos.client.naming          : com.alibaba.nacos.client.naming.remote.NamingClientProxyDelegate do shutdown stop
2024-11-01T16:50:51.359+08:00  INFO 30280 --- [com.alibaba.nacos.client.Worker] c.a.n.c.a.r.identify.CredentialWatcher   : null No credential found
