2024-11-04T10:56:07.032+08:00  INFO 30664 --- [main] c.a.b.n.c.u.NacosConfigPropertiesUtils   : nacosConfigProperties : NacosConfigProperties{serverAddr='127.0.0.1:8848', contextPath='null', encode='null', endpoint='null', namespace='null', accessKey='null', secretKey='null', ramRoleName='null', autoRefresh=false, dataId='null', dataIds='null', group='DEFAULT_GROUP', type=PROPERTIES, maxRetry='null', configLongPollTimeout='null', configRetryTime='null', enableRemoteSyncConfig=false, extConfig=[], bootstrap=Bootstrap{enable=false, logEnable=false}}
2024-11-04T10:56:07.039+08:00  WARN 30664 --- [main] c.a.nacos.client.logging.NacosLogging    : Load Logback Configuration of Nacos fail, message: org/slf4j/impl/StaticLoggerBinder
2024-11-04T10:56:07.050+08:00  WARN 30664 --- [main] c.a.nacos.client.logging.NacosLogging    : Load Logback Configuration of Nacos fail, message: org/slf4j/impl/StaticLoggerBinder
2024-11-04T10:56:07.067+08:00  INFO 30664 --- [main] c.a.n.c.c.impl.LocalConfigInfoProcessor  : LOCAL_SNAPSHOT_PATH:C:\Users\14113\nacos\config
2024-11-04T10:56:07.069+08:00  INFO 30664 --- [main] com.alibaba.nacos.common.remote.client   : [RpcClientFactory] create a new rpc client of 2cdd67b4-935a-4479-98ab-6b52934b4c19_config-0
2024-11-04T10:56:07.081+08:00  INFO 30664 --- [main] com.alibaba.nacos.common.remote.client   : [2cdd67b4-935a-4479-98ab-6b52934b4c19_config-0] Register server push request handler:com.alibaba.nacos.client.config.impl.ClientWorker$ConfigRpcTransportClient$$Lambda$511/0x00000008012f0b70
2024-11-04T10:56:07.082+08:00  INFO 30664 --- [main] com.alibaba.nacos.common.remote.client   : [2cdd67b4-935a-4479-98ab-6b52934b4c19_config-0] Register server push request handler:com.alibaba.nacos.client.config.impl.ClientWorker$ConfigRpcTransportClient$$Lambda$512/0x00000008012f0f70
2024-11-04T10:56:07.083+08:00  INFO 30664 --- [main] com.alibaba.nacos.common.remote.client   : [2cdd67b4-935a-4479-98ab-6b52934b4c19_config-0] Registry connection listener to current client:com.alibaba.nacos.client.config.impl.ClientWorker$ConfigRpcTransportClient$1
2024-11-04T10:56:07.083+08:00  INFO 30664 --- [main] com.alibaba.nacos.common.remote.client   : [2cdd67b4-935a-4479-98ab-6b52934b4c19_config-0] RpcClient init, ServerListFactory = com.alibaba.nacos.client.config.impl.ClientWorker$ConfigRpcTransportClient$2
2024-11-04T10:56:07.088+08:00  INFO 30664 --- [main] com.alibaba.nacos.common.remote.client   : [2cdd67b4-935a-4479-98ab-6b52934b4c19_config-0] Try to connect to server on start up, server: {serverIp = '1.95.6.188', server main port = 8848}
2024-11-04T10:56:10.450+08:00 ERROR 30664 --- [main] c.a.n.c.remote.client.grpc.GrpcClient    : Server check fail, please check server 1.95.6.188 ,port 9848 is available , error ={}

java.util.concurrent.TimeoutException: Waited 3000 milliseconds (plus 4 milliseconds, 607800 nanoseconds delay) for com.alibaba.nacos.shaded.io.grpc.stub.ClientCalls$GrpcFuture@16727bf0[status=PENDING, info=[GrpcFuture{clientCall=ClientCallImpl{method=MethodDescriptor{fullMethodName=Request/request, type=UNARY, idempotent=false, safe=false, sampledToLocalTracing=true, requestMarshaller=com.alibaba.nacos.shaded.io.grpc.protobuf.lite.ProtoLiteUtils$MessageMarshaller@2f84acf7, responseMarshaller=com.alibaba.nacos.shaded.io.grpc.protobuf.lite.ProtoLiteUtils$MessageMarshaller@291373d3, schemaDescriptor=com.alibaba.nacos.api.grpc.auto.RequestGrpc$RequestMethodDescriptorSupplier@372ca2d6}}}]]
	at com.alibaba.nacos.shaded.com.google.common.util.concurrent.AbstractFuture.get(AbstractFuture.java:508) ~[nacos-client-2.2.1-RC.jar:na]
	at com.alibaba.nacos.common.remote.client.grpc.GrpcClient.serverCheck(GrpcClient.java:196) ~[nacos-client-2.2.1-RC.jar:na]
	at com.alibaba.nacos.common.remote.client.grpc.GrpcClient.connectToServer(GrpcClient.java:307) ~[nacos-client-2.2.1-RC.jar:na]
	at com.alibaba.nacos.common.remote.client.RpcClient.start(RpcClient.java:359) ~[nacos-client-2.2.1-RC.jar:na]
	at com.alibaba.nacos.client.config.impl.ClientWorker$ConfigRpcTransportClient.ensureRpcClient(ClientWorker.java:891) ~[nacos-client-2.2.1-RC.jar:na]
	at com.alibaba.nacos.client.config.impl.ClientWorker$ConfigRpcTransportClient.getOneRunningClient(ClientWorker.java:1038) ~[nacos-client-2.2.1-RC.jar:na]
	at com.alibaba.nacos.client.config.impl.ClientWorker$ConfigRpcTransportClient.queryConfig(ClientWorker.java:946) ~[nacos-client-2.2.1-RC.jar:na]
	at com.alibaba.nacos.client.config.impl.ClientWorker.getServerConfig(ClientWorker.java:402) ~[nacos-client-2.2.1-RC.jar:na]
	at com.alibaba.nacos.client.config.NacosConfigService.getConfigInner(NacosConfigService.java:184) ~[nacos-client-2.2.1-RC.jar:na]
	at com.alibaba.nacos.client.config.NacosConfigService.getConfig(NacosConfigService.java:96) ~[nacos-client-2.2.1-RC.jar:na]
	at com.alibaba.cloud.nacos.client.NacosPropertySourceBuilder.loadNacosData(NacosPropertySourceBuilder.java:85) ~[spring-cloud-starter-alibaba-nacos-config-2022.0.0.0-RC1.jar:2022.0.0.0-RC1]
	at com.alibaba.cloud.nacos.client.NacosPropertySourceBuilder.build(NacosPropertySourceBuilder.java:73) ~[spring-cloud-starter-alibaba-nacos-config-2022.0.0.0-RC1.jar:2022.0.0.0-RC1]
	at com.alibaba.cloud.nacos.client.NacosPropertySourceLocator.loadNacosPropertySource(NacosPropertySourceLocator.java:199) ~[spring-cloud-starter-alibaba-nacos-config-2022.0.0.0-RC1.jar:2022.0.0.0-RC1]
	at com.alibaba.cloud.nacos.client.NacosPropertySourceLocator.loadNacosDataIfPresent(NacosPropertySourceLocator.java:186) ~[spring-cloud-starter-alibaba-nacos-config-2022.0.0.0-RC1.jar:2022.0.0.0-RC1]
	at com.alibaba.cloud.nacos.client.NacosPropertySourceLocator.loadApplicationConfiguration(NacosPropertySourceLocator.java:141) ~[spring-cloud-starter-alibaba-nacos-config-2022.0.0.0-RC1.jar:2022.0.0.0-RC1]
	at com.alibaba.cloud.nacos.client.NacosPropertySourceLocator.locate(NacosPropertySourceLocator.java:103) ~[spring-cloud-starter-alibaba-nacos-config-2022.0.0.0-RC1.jar:2022.0.0.0-RC1]
	at org.springframework.cloud.bootstrap.config.PropertySourceLocator.locateCollection(PropertySourceLocator.java:50) ~[spring-cloud-context-4.0.0.jar:4.0.0]
	at org.springframework.cloud.bootstrap.config.PropertySourceLocator.locateCollection(PropertySourceLocator.java:46) ~[spring-cloud-context-4.0.0.jar:4.0.0]
	at org.springframework.cloud.bootstrap.config.PropertySourceBootstrapConfiguration.initialize(PropertySourceBootstrapConfiguration.java:95) ~[spring-cloud-context-4.0.0.jar:4.0.0]
	at org.springframework.boot.SpringApplication.applyInitializers(SpringApplication.java:603) ~[spring-boot-3.0.2.jar:3.0.2]
	at org.springframework.boot.SpringApplication.prepareContext(SpringApplication.java:383) ~[spring-boot-3.0.2.jar:3.0.2]
	at org.springframework.boot.SpringApplication.run(SpringApplication.java:307) ~[spring-boot-3.0.2.jar:3.0.2]
	at org.springframework.boot.SpringApplication.run(SpringApplication.java:1302) ~[spring-boot-3.0.2.jar:3.0.2]
	at org.springframework.boot.SpringApplication.run(SpringApplication.java:1291) ~[spring-boot-3.0.2.jar:3.0.2]
	at com.example.runningmanager.RunningManagerApplication.main(RunningManagerApplication.java:15) ~[classes/:na]

2024-11-04T10:56:10.458+08:00  INFO 30664 --- [main] com.alibaba.nacos.common.remote.client   : [2cdd67b4-935a-4479-98ab-6b52934b4c19_config-0] Try to connect to server on start up, server: {serverIp = '1.95.6.188', server main port = 8848}
2024-11-04T10:56:11.616+08:00  INFO 30664 --- [main] com.alibaba.nacos.common.remote.client   : [2cdd67b4-935a-4479-98ab-6b52934b4c19_config-0] Success to connect to server [1.95.6.188:8848] on start up, connectionId = 1730688970742_127.0.0.1_49910
2024-11-04T10:56:11.617+08:00  INFO 30664 --- [com.alibaba.nacos.client.remote.worker] com.alibaba.nacos.common.remote.client   : [2cdd67b4-935a-4479-98ab-6b52934b4c19_config-0] Notify connected event to listeners.
2024-11-04T10:56:11.617+08:00  INFO 30664 --- [main] com.alibaba.nacos.common.remote.client   : [2cdd67b4-935a-4479-98ab-6b52934b4c19_config-0] Register server push request handler:com.alibaba.nacos.common.remote.client.RpcClient$ConnectResetRequestHandler
2024-11-04T10:56:11.617+08:00  INFO 30664 --- [com.alibaba.nacos.client.remote.worker] c.a.n.client.config.impl.ClientWorker    : [2cdd67b4-935a-4479-98ab-6b52934b4c19_config-0] Connected,notify listen context...
2024-11-04T10:56:11.617+08:00  INFO 30664 --- [main] com.alibaba.nacos.common.remote.client   : [2cdd67b4-935a-4479-98ab-6b52934b4c19_config-0] Register server push request handler:com.alibaba.nacos.common.remote.client.RpcClient$$Lambda$531/0x0000000801423b70
2024-11-04T10:56:11.636+08:00  INFO 30664 --- [main] c.a.nacos.client.config.impl.Limiter     : limitTime:5.0
2024-11-04T10:56:11.750+08:00  WARN 30664 --- [main] c.a.c.n.c.NacosPropertySourceBuilder     : Ignore the empty nacos configuration and get it based on dataId[running-manager] & group[DEFAULT_GROUP]
2024-11-04T10:56:11.869+08:00  INFO 30664 --- [main] c.a.nacos.client.config.utils.JvmUtil    : isMultiInstance:false
2024-11-04T10:56:11.870+08:00 DEBUG 30664 --- [main] c.a.c.n.c.NacosPropertySourceBuilder     : Loading nacos data, dataId: 'running-manager.yaml', group: 'DEFAULT_GROUP', data: spring:
  datasource:

    url: jdbc:mysql://1.95.6.188:3306/runningmanager

    username: runningmanager

    password: yuyuhang66

    driver-class-name: com.mysql.cj.jdbc.Driver

    type: com.alibaba.druid.pool.DruidDataSource

    druid:

      initial-size: 5

      min-idle: 5
 
      max-active: 20

      max-wait: 60000

      time-between-eviction-runs-millis: 60000

      min-evictable-idle-time-millis: 300000
    
      validation-query: SELECT 1 FROM DUAL
     
      test-while-idle: true
      
      test-on-borrow: false
      
      test-on-return: false
      
      pool-prepared-statements: true
      
      max-pool-prepared-statement-per-connection-size: 20
     
      filters: stat,wall,log4j
      
      connection-properties: druid.stat.mergeSql=true;druid.stat.slowSqlMillis=500
mybatis-plus:
  
  mapper-locations: classpath*:mapper/*.xml
 
  type-aliases-package: com.example.demo.entity
  
  global-config:
   
    db-config:
      
      logic-delete-value: 1
      
      logic-not-delete-value: 0
2024-11-04T10:56:11.879+08:00  INFO 30664 --- [main] b.c.PropertySourceBootstrapConfiguration : Located property source: [BootstrapPropertySource {name='bootstrapProperties-running-manager.yaml,DEFAULT_GROUP'}, BootstrapPropertySource {name='bootstrapProperties-running-manager,DEFAULT_GROUP'}]
2024-11-04T10:56:11.895+08:00  INFO 30664 --- [main] c.a.b.n.c.u.NacosConfigPropertiesUtils   : nacosConfigProperties : NacosConfigProperties{serverAddr='127.0.0.1:8848', contextPath='null', encode='null', endpoint='null', namespace='null', accessKey='null', secretKey='null', ramRoleName='null', autoRefresh=false, dataId='null', dataIds='null', group='DEFAULT_GROUP', type=PROPERTIES, maxRetry='null', configLongPollTimeout='null', configRetryTime='null', enableRemoteSyncConfig=false, extConfig=[], bootstrap=Bootstrap{enable=false, logEnable=false}}
2024-11-04T10:56:11.895+08:00  INFO 30664 --- [main] NacosConfigApplicationContextInitializer : [Nacos Config Boot] : The preload configuration is not enabled
2024-11-04T10:56:11.896+08:00  INFO 30664 --- [main] c.e.r.RunningManagerApplication          : No active profile set, falling back to 1 default profile: "default"
2024-11-04T10:56:12.261+08:00  INFO 30664 --- [main] .s.d.r.c.RepositoryConfigurationDelegate : Multiple Spring Data modules found, entering strict repository configuration mode
2024-11-04T10:56:12.262+08:00  INFO 30664 --- [main] .s.d.r.c.RepositoryConfigurationDelegate : Bootstrapping Spring Data Redis repositories in DEFAULT mode.
2024-11-04T10:56:12.277+08:00  INFO 30664 --- [main] .s.d.r.c.RepositoryConfigurationDelegate : Finished Spring Data repository scanning in 4 ms. Found 0 Redis repository interfaces.
2024-11-04T10:56:12.399+08:00  INFO 30664 --- [main] o.s.cloud.context.scope.GenericScope     : BeanFactory id=49409625-2c04-3be0-8eb2-7ec491fd0444
2024-11-04T10:56:12.672+08:00  INFO 30664 --- [main] o.s.b.w.embedded.tomcat.TomcatWebServer  : Tomcat initialized with port(s): 8083 (http)
2024-11-04T10:56:12.673+08:00  INFO 30664 --- [main] o.a.catalina.core.AprLifecycleListener   : Loaded Apache Tomcat Native library [2.0.4] using APR version [1.7.4].
2024-11-04T10:56:12.676+08:00  INFO 30664 --- [main] o.a.catalina.core.AprLifecycleListener   : OpenSSL successfully initialized [OpenSSL 3.0.9 30 May 2023]
2024-11-04T10:56:12.683+08:00  INFO 30664 --- [main] o.apache.catalina.core.StandardService   : Starting service [Tomcat]
2024-11-04T10:56:12.684+08:00  INFO 30664 --- [main] o.apache.catalina.core.StandardEngine    : Starting Servlet engine: [Apache Tomcat/10.1.5]
2024-11-04T10:56:12.734+08:00  INFO 30664 --- [main] o.a.c.c.C.[Tomcat].[localhost].[/]       : Initializing Spring embedded WebApplicationContext
2024-11-04T10:56:12.735+08:00  INFO 30664 --- [main] w.s.c.ServletWebServerApplicationContext : Root WebApplicationContext: initialization completed in 829 ms
2024-11-04T10:56:12.924+08:00  WARN 30664 --- [main] c.b.m.core.metadata.TableInfoHelper      : Can not find table primary key in Class: "com.example.runningmanager.dao.entity.Challenge".
2024-11-04T10:56:12.928+08:00  WARN 30664 --- [main] c.b.m.core.injector.DefaultSqlInjector   : class com.example.runningmanager.dao.entity.Challenge ,Not found @TableId annotation, Cannot use Mybatis-Plus 'xxById' Method.
2024-11-04T10:56:13.032+08:00  WARN 30664 --- [main] c.b.m.core.metadata.TableInfoHelper      : Can not find table primary key in Class: "com.example.runningmanager.dao.entity.RunningRecord".
2024-11-04T10:56:13.033+08:00  WARN 30664 --- [main] c.b.m.core.injector.DefaultSqlInjector   : class com.example.runningmanager.dao.entity.RunningRecord ,Not found @TableId annotation, Cannot use Mybatis-Plus 'xxById' Method.
2024-11-04T10:56:13.286+08:00  WARN 30664 --- [main] c.b.m.core.metadata.TableInfoHelper      : Can not find table primary key in Class: "com.example.runningmanager.dao.entity.UserChallenge".
2024-11-04T10:56:13.286+08:00  WARN 30664 --- [main] c.b.m.core.injector.DefaultSqlInjector   : class com.example.runningmanager.dao.entity.UserChallenge ,Not found @TableId annotation, Cannot use Mybatis-Plus 'xxById' Method.
2024-11-04T10:56:13.954+08:00  INFO 30664 --- [main] o.s.b.w.embedded.tomcat.TomcatWebServer  : Tomcat started on port(s): 8083 (http) with context path ''
2024-11-04T10:56:13.956+08:00  INFO 30664 --- [main] c.a.n.client.env.SearchableProperties    : properties search order:PROPERTIES->JVM->ENV->DEFAULT_SETTING
2024-11-04T10:56:13.957+08:00  INFO 30664 --- [main] com.alibaba.nacos.client.naming          : initializer namespace from System Property : null
2024-11-04T10:56:13.957+08:00  INFO 30664 --- [main] com.alibaba.nacos.client.naming          : initializer namespace from System Environment :null
2024-11-04T10:56:13.957+08:00  INFO 30664 --- [main] com.alibaba.nacos.client.naming          : initializer namespace from System Property :
2024-11-04T10:56:13.962+08:00  INFO 30664 --- [main] c.a.n.p.a.s.c.ClientAuthPluginManager    : [ClientAuthPluginManager] Load ClientAuthService com.alibaba.nacos.client.auth.impl.NacosClientAuthServiceImpl success.
2024-11-04T10:56:13.962+08:00  INFO 30664 --- [main] c.a.n.p.a.s.c.ClientAuthPluginManager    : [ClientAuthPluginManager] Load ClientAuthService com.alibaba.nacos.client.auth.ram.RamClientAuthServiceImpl success.
2024-11-04T10:56:13.966+08:00  INFO 30664 --- [main] com.alibaba.nacos.common.remote.client   : [RpcClientFactory] create a new rpc client of 5ea8ef00-4e38-4bdf-a30c-2f129d8542ab
2024-11-04T10:56:13.967+08:00  INFO 30664 --- [main] com.alibaba.nacos.common.remote.client   : [5ea8ef00-4e38-4bdf-a30c-2f129d8542ab] RpcClient init, ServerListFactory = com.alibaba.nacos.client.naming.core.ServerListManager
2024-11-04T10:56:13.967+08:00  INFO 30664 --- [main] com.alibaba.nacos.common.remote.client   : [5ea8ef00-4e38-4bdf-a30c-2f129d8542ab] Registry connection listener to current client:com.alibaba.nacos.client.naming.remote.gprc.redo.NamingGrpcRedoService
2024-11-04T10:56:13.968+08:00  INFO 30664 --- [main] com.alibaba.nacos.common.remote.client   : [5ea8ef00-4e38-4bdf-a30c-2f129d8542ab] Register server push request handler:com.alibaba.nacos.client.naming.remote.gprc.NamingPushRequestHandler
2024-11-04T10:56:13.968+08:00  INFO 30664 --- [main] com.alibaba.nacos.common.remote.client   : [5ea8ef00-4e38-4bdf-a30c-2f129d8542ab] Try to connect to server on start up, server: {serverIp = '1.95.6.188', server main port = 8848}
2024-11-04T10:56:14.540+08:00  INFO 30664 --- [main] com.alibaba.nacos.common.remote.client   : [5ea8ef00-4e38-4bdf-a30c-2f129d8542ab] Success to connect to server [1.95.6.188:8848] on start up, connectionId = 1730688973508_127.0.0.1_49914
2024-11-04T10:56:14.540+08:00  INFO 30664 --- [main] com.alibaba.nacos.common.remote.client   : [5ea8ef00-4e38-4bdf-a30c-2f129d8542ab] Register server push request handler:com.alibaba.nacos.common.remote.client.RpcClient$ConnectResetRequestHandler
2024-11-04T10:56:14.540+08:00  INFO 30664 --- [com.alibaba.nacos.client.remote.worker] com.alibaba.nacos.common.remote.client   : [5ea8ef00-4e38-4bdf-a30c-2f129d8542ab] Notify connected event to listeners.
2024-11-04T10:56:14.540+08:00  INFO 30664 --- [main] com.alibaba.nacos.common.remote.client   : [5ea8ef00-4e38-4bdf-a30c-2f129d8542ab] Register server push request handler:com.alibaba.nacos.common.remote.client.RpcClient$$Lambda$531/0x0000000801423b70
2024-11-04T10:56:14.540+08:00  INFO 30664 --- [com.alibaba.nacos.client.remote.worker] com.alibaba.nacos.client.naming          : Grpc connection connect
2024-11-04T10:56:14.541+08:00  INFO 30664 --- [main] com.alibaba.nacos.client.naming          : [REGISTER-SERVICE] public registering service running-manager with instance Instance{instanceId='null', ip='169.254.89.238', port=8083, weight=1.0, healthy=true, enabled=true, ephemeral=true, clusterName='DEFAULT', serviceName='null', metadata={preserved.register.source=SPRING_CLOUD}}
2024-11-04T10:56:14.671+08:00  INFO 30664 --- [main] c.a.c.n.registry.NacosServiceRegistry    : nacos registry, DEFAULT_GROUP running-manager 169.254.89.238:8083 register finished
2024-11-04T10:56:14.794+08:00  INFO 30664 --- [main] c.e.r.RunningManagerApplication          : Started RunningManagerApplication in 8.677 seconds (process running for 9.132)
2024-11-04T10:56:14.797+08:00  INFO 30664 --- [main] c.a.nacos.client.config.impl.CacheData   : nacos.cache.data.init.snapshot = true 
2024-11-04T10:56:14.797+08:00  INFO 30664 --- [main] c.a.n.client.config.impl.ClientWorker    : [fixed-1.95.6.188_8848] [subscribe] running-manager+DEFAULT_GROUP
2024-11-04T10:56:14.802+08:00  INFO 30664 --- [main] c.a.nacos.client.config.impl.CacheData   : [fixed-1.95.6.188_8848] [add-listener] ok, tenant=, dataId=running-manager, group=DEFAULT_GROUP, cnt=1
2024-11-04T10:56:14.802+08:00  INFO 30664 --- [main] c.a.c.n.refresh.NacosContextRefresher    : [Nacos Config] Listening config: dataId=running-manager, group=DEFAULT_GROUP
2024-11-04T10:56:14.803+08:00  INFO 30664 --- [main] c.a.n.client.config.impl.ClientWorker    : [fixed-1.95.6.188_8848] [subscribe] running-manager.yaml+DEFAULT_GROUP
2024-11-04T10:56:14.803+08:00  INFO 30664 --- [main] c.a.nacos.client.config.impl.CacheData   : [fixed-1.95.6.188_8848] [add-listener] ok, tenant=, dataId=running-manager.yaml, group=DEFAULT_GROUP, cnt=1
2024-11-04T10:56:14.803+08:00  INFO 30664 --- [main] c.a.c.n.refresh.NacosContextRefresher    : [Nacos Config] Listening config: dataId=running-manager.yaml, group=DEFAULT_GROUP
2024-11-04T10:56:30.967+08:00  INFO 30664 --- [http-nio-8083-exec-1] o.a.c.c.C.[Tomcat].[localhost].[/]       : Initializing Spring DispatcherServlet 'dispatcherServlet'
2024-11-04T10:56:30.967+08:00  INFO 30664 --- [http-nio-8083-exec-1] o.s.web.servlet.DispatcherServlet        : Initializing Servlet 'dispatcherServlet'
2024-11-04T10:56:30.968+08:00  INFO 30664 --- [http-nio-8083-exec-1] o.s.web.servlet.DispatcherServlet        : Completed initialization in 1 ms
