2024-11-04T10:56:00.773+08:00  WARN 1528 --- [main] c.a.nacos.client.logging.NacosLogging    : Load Logback Configuration of Nacos fail, message: org/slf4j/impl/StaticLoggerBinder
2024-11-04T10:56:00.780+08:00  WARN 1528 --- [main] c.a.nacos.client.logging.NacosLogging    : Load Logback Configuration of Nacos fail, message: org/slf4j/impl/StaticLoggerBinder
2024-11-04T10:56:00.783+08:00  INFO 1528 --- [main] c.a.b.n.c.u.NacosConfigPropertiesUtils   : nacosConfigProperties : NacosConfigProperties{serverAddr='127.0.0.1:8848', contextPath='null', encode='null', endpoint='null', namespace='null', accessKey='null', secretKey='null', ramRoleName='null', autoRefresh=false, dataId='null', dataIds='null', group='DEFAULT_GROUP', type=PROPERTIES, maxRetry='null', configLongPollTimeout='null', configRetryTime='null', enableRemoteSyncConfig=false, extConfig=[], bootstrap=Bootstrap{enable=false, logEnable=false}}
2024-11-04T10:56:00.797+08:00  INFO 1528 --- [main] c.a.n.c.c.impl.LocalConfigInfoProcessor  : LOCAL_SNAPSHOT_PATH:C:\Users\14113\nacos\config
2024-11-04T10:56:00.799+08:00  INFO 1528 --- [main] com.alibaba.nacos.common.remote.client   : [RpcClientFactory] create a new rpc client of dae6c0b1-19fa-49c5-b2c3-44b324bbeee0_config-0
2024-11-04T10:56:00.811+08:00  INFO 1528 --- [main] com.alibaba.nacos.common.remote.client   : [dae6c0b1-19fa-49c5-b2c3-44b324bbeee0_config-0] Register server push request handler:com.alibaba.nacos.client.config.impl.ClientWorker$ConfigRpcTransportClient$$Lambda$512/0x00000008012f0988
2024-11-04T10:56:00.811+08:00  INFO 1528 --- [main] com.alibaba.nacos.common.remote.client   : [dae6c0b1-19fa-49c5-b2c3-44b324bbeee0_config-0] Register server push request handler:com.alibaba.nacos.client.config.impl.ClientWorker$ConfigRpcTransportClient$$Lambda$513/0x00000008012f0d88
2024-11-04T10:56:00.812+08:00  INFO 1528 --- [main] com.alibaba.nacos.common.remote.client   : [dae6c0b1-19fa-49c5-b2c3-44b324bbeee0_config-0] Registry connection listener to current client:com.alibaba.nacos.client.config.impl.ClientWorker$ConfigRpcTransportClient$1
2024-11-04T10:56:00.812+08:00  INFO 1528 --- [main] com.alibaba.nacos.common.remote.client   : [dae6c0b1-19fa-49c5-b2c3-44b324bbeee0_config-0] RpcClient init, ServerListFactory = com.alibaba.nacos.client.config.impl.ClientWorker$ConfigRpcTransportClient$2
2024-11-04T10:56:00.816+08:00  INFO 1528 --- [main] com.alibaba.nacos.common.remote.client   : [dae6c0b1-19fa-49c5-b2c3-44b324bbeee0_config-0] Try to connect to server on start up, server: {serverIp = '1.95.6.188', server main port = 8848}
2024-11-04T10:56:01.880+08:00  INFO 1528 --- [main] com.alibaba.nacos.common.remote.client   : [dae6c0b1-19fa-49c5-b2c3-44b324bbeee0_config-0] Success to connect to server [1.95.6.188:8848] on start up, connectionId = 1730688961010_127.0.0.1_49906
2024-11-04T10:56:01.882+08:00  INFO 1528 --- [com.alibaba.nacos.client.remote.worker] com.alibaba.nacos.common.remote.client   : [dae6c0b1-19fa-49c5-b2c3-44b324bbeee0_config-0] Notify connected event to listeners.
2024-11-04T10:56:01.882+08:00  INFO 1528 --- [com.alibaba.nacos.client.remote.worker] c.a.n.client.config.impl.ClientWorker    : [dae6c0b1-19fa-49c5-b2c3-44b324bbeee0_config-0] Connected,notify listen context...
2024-11-04T10:56:01.883+08:00  INFO 1528 --- [main] com.alibaba.nacos.common.remote.client   : [dae6c0b1-19fa-49c5-b2c3-44b324bbeee0_config-0] Register server push request handler:com.alibaba.nacos.common.remote.client.RpcClient$ConnectResetRequestHandler
2024-11-04T10:56:01.883+08:00  INFO 1528 --- [main] com.alibaba.nacos.common.remote.client   : [dae6c0b1-19fa-49c5-b2c3-44b324bbeee0_config-0] Register server push request handler:com.alibaba.nacos.common.remote.client.RpcClient$$Lambda$532/0x000000080141fb78
2024-11-04T10:56:01.916+08:00  INFO 1528 --- [main] c.a.nacos.client.config.impl.Limiter     : limitTime:5.0
2024-11-04T10:56:02.042+08:00  WARN 1528 --- [main] c.a.c.n.c.NacosPropertySourceBuilder     : Ignore the empty nacos configuration and get it based on dataId[user-manager] & group[DEFAULT_GROUP]
2024-11-04T10:56:02.151+08:00  INFO 1528 --- [main] c.a.nacos.client.config.utils.JvmUtil    : isMultiInstance:false
2024-11-04T10:56:02.153+08:00 DEBUG 1528 --- [main] c.a.c.n.c.NacosPropertySourceBuilder     : Loading nacos data, dataId: 'user-manager.yaml', group: 'DEFAULT_GROUP', data: spring:
  datasource:

    url: jdbc:mysql://1.95.6.188:3306/usermange

    username: userMange

    password: yuyuhang66

    driver-class-name: com.mysql.cj.jdbc.Driver

    type: com.alibaba.druid.pool.DruidDataSource

    druid:

      initial-size: 5

      min-idle: 5

      max-active: 20

      max-wait: 60000

      time-between-eviction-runs-millis: 60000

      min-evictable-idle-time-millis: 300000


      test-while-idle: true

      test-on-borrow: false

      test-on-return: false

      pool-prepared-statements: true

      max-pool-prepared-statement-per-connection-size: 20

      filters: stat,wall,log4j

      connection-properties: druid.stat.mergeSql=true;druid.stat.slowSqlMillis=500
mybatis-plus:
  configuration:
    log-impl: org.apache.ibatis.logging.stdout.StdOutImpl

  mapper-locations: classpath*:mapper/*.xml

  type-aliases-package: com.example.demo.entity

  global-config:

    db-config:
  
      logic-delete-value: 1
    
      logic-not-delete-value: 0
2024-11-04T10:56:02.163+08:00  INFO 1528 --- [main] b.c.PropertySourceBootstrapConfiguration : Located property source: [BootstrapPropertySource {name='bootstrapProperties-user-manager.yaml,DEFAULT_GROUP'}, BootstrapPropertySource {name='bootstrapProperties-user-manager,DEFAULT_GROUP'}]
2024-11-04T10:56:02.189+08:00  INFO 1528 --- [main] c.a.b.n.c.u.NacosConfigPropertiesUtils   : nacosConfigProperties : NacosConfigProperties{serverAddr='127.0.0.1:8848', contextPath='null', encode='null', endpoint='null', namespace='null', accessKey='null', secretKey='null', ramRoleName='null', autoRefresh=false, dataId='null', dataIds='null', group='DEFAULT_GROUP', type=PROPERTIES, maxRetry='null', configLongPollTimeout='null', configRetryTime='null', enableRemoteSyncConfig=false, extConfig=[], bootstrap=Bootstrap{enable=false, logEnable=false}}
2024-11-04T10:56:02.189+08:00  INFO 1528 --- [main] NacosConfigApplicationContextInitializer : [Nacos Config Boot] : The preload configuration is not enabled
2024-11-04T10:56:02.190+08:00  INFO 1528 --- [main] o.e.usermanage.UserManageApplication     : No active profile set, falling back to 1 default profile: "default"
2024-11-04T10:56:02.729+08:00  INFO 1528 --- [main] .s.d.r.c.RepositoryConfigurationDelegate : Bootstrapping Spring Data JPA repositories in DEFAULT mode.
2024-11-04T10:56:02.745+08:00  INFO 1528 --- [main] .s.d.r.c.RepositoryConfigurationDelegate : Finished Spring Data repository scanning in 8 ms. Found 0 JPA repository interfaces.
2024-11-04T10:56:02.889+08:00  INFO 1528 --- [main] o.s.cloud.context.scope.GenericScope     : BeanFactory id=0ea7e4b1-86d0-3e46-b6fd-3ba5997312df
2024-11-04T10:56:03.190+08:00  INFO 1528 --- [main] o.s.b.w.embedded.tomcat.TomcatWebServer  : Tomcat initialized with port(s): 8081 (http)
2024-11-04T10:56:03.191+08:00  INFO 1528 --- [main] o.a.catalina.core.AprLifecycleListener   : Loaded Apache Tomcat Native library [2.0.4] using APR version [1.7.4].
2024-11-04T10:56:03.199+08:00  INFO 1528 --- [main] o.a.catalina.core.AprLifecycleListener   : OpenSSL successfully initialized [OpenSSL 3.0.9 30 May 2023]
2024-11-04T10:56:03.210+08:00  INFO 1528 --- [main] o.apache.catalina.core.StandardService   : Starting service [Tomcat]
2024-11-04T10:56:03.210+08:00  INFO 1528 --- [main] o.apache.catalina.core.StandardEngine    : Starting Servlet engine: [Apache Tomcat/10.1.5]
2024-11-04T10:56:03.272+08:00  INFO 1528 --- [main] o.a.c.c.C.[Tomcat].[localhost].[/]       : Initializing Spring embedded WebApplicationContext
2024-11-04T10:56:03.273+08:00  INFO 1528 --- [main] w.s.c.ServletWebServerApplicationContext : Root WebApplicationContext: initialization completed in 1060 ms
2024-11-04T10:56:03.465+08:00  INFO 1528 --- [main] com.alibaba.druid.pool.DruidDataSource   : {dataSource-1} inited
2024-11-04T10:56:12.148+08:00  INFO 1528 --- [main] o.hibernate.jpa.internal.util.LogHelper  : HHH000204: Processing PersistenceUnitInfo [name: default]
2024-11-04T10:56:12.198+08:00  INFO 1528 --- [main] org.hibernate.Version                    : HHH000412: Hibernate ORM core version 6.1.6.Final
2024-11-04T10:56:12.319+08:00  WARN 1528 --- [main] org.hibernate.orm.deprecation            : HHH90000021: Encountered deprecated setting [javax.persistence.sharedCache.mode], use [jakarta.persistence.sharedCache.mode] instead
2024-11-04T10:56:12.851+08:00  INFO 1528 --- [main] SQL dialect                              : HHH000400: Using dialect: org.hibernate.dialect.MySQLDialect
2024-11-04T10:56:13.376+08:00  INFO 1528 --- [main] o.h.e.t.j.p.i.JtaPlatformInitiator       : HHH000490: Using JtaPlatform implementation: [org.hibernate.engine.transaction.jta.platform.internal.NoJtaPlatform]
2024-11-04T10:56:13.384+08:00  INFO 1528 --- [main] j.LocalContainerEntityManagerFactoryBean : Initialized JPA EntityManagerFactory for persistence unit 'default'
2024-11-04T10:56:13.599+08:00  WARN 1528 --- [main] c.b.m.core.injector.DefaultSqlInjector   : class org.example.usermanage.entity.Users ,Not found @TableId annotation, Cannot use Mybatis-Plus 'xxById' Method.
2024-11-04T10:56:13.639+08:00  WARN 1528 --- [main] JpaBaseConfiguration$JpaWebConfiguration : spring.jpa.open-in-view is enabled by default. Therefore, database queries may be performed during view rendering. Explicitly configure spring.jpa.open-in-view to disable this warning
2024-11-04T10:56:14.241+08:00  INFO 1528 --- [main] o.s.b.w.embedded.tomcat.TomcatWebServer  : Tomcat started on port(s): 8081 (http) with context path ''
2024-11-04T10:56:14.246+08:00  INFO 1528 --- [main] c.a.n.client.env.SearchableProperties    : properties search order:PROPERTIES->JVM->ENV->DEFAULT_SETTING
2024-11-04T10:56:14.246+08:00  INFO 1528 --- [main] com.alibaba.nacos.client.naming          : initializer namespace from System Property : null
2024-11-04T10:56:14.247+08:00  INFO 1528 --- [main] com.alibaba.nacos.client.naming          : initializer namespace from System Environment :null
2024-11-04T10:56:14.247+08:00  INFO 1528 --- [main] com.alibaba.nacos.client.naming          : initializer namespace from System Property :
2024-11-04T10:56:14.253+08:00  INFO 1528 --- [main] c.a.n.p.a.s.c.ClientAuthPluginManager    : [ClientAuthPluginManager] Load ClientAuthService com.alibaba.nacos.client.auth.impl.NacosClientAuthServiceImpl success.
2024-11-04T10:56:14.253+08:00  INFO 1528 --- [main] c.a.n.p.a.s.c.ClientAuthPluginManager    : [ClientAuthPluginManager] Load ClientAuthService com.alibaba.nacos.client.auth.ram.RamClientAuthServiceImpl success.
2024-11-04T10:56:14.255+08:00  INFO 1528 --- [main] com.alibaba.nacos.common.remote.client   : [RpcClientFactory] create a new rpc client of c20c462f-2d43-4303-b4a1-4180714e8544
2024-11-04T10:56:14.257+08:00  INFO 1528 --- [main] com.alibaba.nacos.common.remote.client   : [c20c462f-2d43-4303-b4a1-4180714e8544] RpcClient init, ServerListFactory = com.alibaba.nacos.client.naming.core.ServerListManager
2024-11-04T10:56:14.257+08:00  INFO 1528 --- [main] com.alibaba.nacos.common.remote.client   : [c20c462f-2d43-4303-b4a1-4180714e8544] Registry connection listener to current client:com.alibaba.nacos.client.naming.remote.gprc.redo.NamingGrpcRedoService
2024-11-04T10:56:14.258+08:00  INFO 1528 --- [main] com.alibaba.nacos.common.remote.client   : [c20c462f-2d43-4303-b4a1-4180714e8544] Register server push request handler:com.alibaba.nacos.client.naming.remote.gprc.NamingPushRequestHandler
2024-11-04T10:56:14.258+08:00  INFO 1528 --- [main] com.alibaba.nacos.common.remote.client   : [c20c462f-2d43-4303-b4a1-4180714e8544] Try to connect to server on start up, server: {serverIp = '1.95.6.188', server main port = 8848}
2024-11-04T10:56:14.618+08:00  INFO 1528 --- [main] com.alibaba.nacos.common.remote.client   : [c20c462f-2d43-4303-b4a1-4180714e8544] Success to connect to server [1.95.6.188:8848] on start up, connectionId = 1730688973788_127.0.0.1_49915
2024-11-04T10:56:14.618+08:00  INFO 1528 --- [main] com.alibaba.nacos.common.remote.client   : [c20c462f-2d43-4303-b4a1-4180714e8544] Register server push request handler:com.alibaba.nacos.common.remote.client.RpcClient$ConnectResetRequestHandler
2024-11-04T10:56:14.618+08:00  INFO 1528 --- [main] com.alibaba.nacos.common.remote.client   : [c20c462f-2d43-4303-b4a1-4180714e8544] Register server push request handler:com.alibaba.nacos.common.remote.client.RpcClient$$Lambda$532/0x000000080141fb78
2024-11-04T10:56:14.618+08:00  INFO 1528 --- [com.alibaba.nacos.client.remote.worker] com.alibaba.nacos.common.remote.client   : [c20c462f-2d43-4303-b4a1-4180714e8544] Notify connected event to listeners.
2024-11-04T10:56:14.618+08:00  INFO 1528 --- [com.alibaba.nacos.client.remote.worker] com.alibaba.nacos.client.naming          : Grpc connection connect
2024-11-04T10:56:14.619+08:00  INFO 1528 --- [main] com.alibaba.nacos.client.naming          : [REGISTER-SERVICE] public registering service user-manager with instance Instance{instanceId='null', ip='169.254.89.238', port=8081, weight=1.0, healthy=true, enabled=true, ephemeral=true, clusterName='DEFAULT', serviceName='null', metadata={preserved.register.source=SPRING_CLOUD}}
2024-11-04T10:56:14.790+08:00  INFO 1528 --- [main] c.a.c.n.registry.NacosServiceRegistry    : nacos registry, DEFAULT_GROUP user-manager 169.254.89.238:8081 register finished
2024-11-04T10:56:14.971+08:00  INFO 1528 --- [main] o.e.usermanage.UserManageApplication     : Started UserManageApplication in 15.466 seconds (process running for 16.132)
2024-11-04T10:56:14.974+08:00  INFO 1528 --- [main] c.a.nacos.client.config.impl.CacheData   : nacos.cache.data.init.snapshot = true 
2024-11-04T10:56:14.974+08:00  INFO 1528 --- [main] c.a.n.client.config.impl.ClientWorker    : [fixed-1.95.6.188_8848] [subscribe] user-manager+DEFAULT_GROUP
2024-11-04T10:56:14.979+08:00  INFO 1528 --- [main] c.a.nacos.client.config.impl.CacheData   : [fixed-1.95.6.188_8848] [add-listener] ok, tenant=, dataId=user-manager, group=DEFAULT_GROUP, cnt=1
2024-11-04T10:56:14.980+08:00  INFO 1528 --- [main] c.a.c.n.refresh.NacosContextRefresher    : [Nacos Config] Listening config: dataId=user-manager, group=DEFAULT_GROUP
2024-11-04T10:56:14.980+08:00  INFO 1528 --- [main] c.a.n.client.config.impl.ClientWorker    : [fixed-1.95.6.188_8848] [subscribe] user-manager.yaml+DEFAULT_GROUP
2024-11-04T10:56:14.980+08:00  INFO 1528 --- [main] c.a.nacos.client.config.impl.CacheData   : [fixed-1.95.6.188_8848] [add-listener] ok, tenant=, dataId=user-manager.yaml, group=DEFAULT_GROUP, cnt=1
2024-11-04T10:56:14.980+08:00  INFO 1528 --- [main] c.a.c.n.refresh.NacosContextRefresher    : [Nacos Config] Listening config: dataId=user-manager.yaml, group=DEFAULT_GROUP
